Performing C SOURCE FILE Test CMAKE_HAVE_LIBC_PTHREAD failed with the following output:
Change Dir: C:/Users/lubna/AndroidStudioProjects/ncnn_paddleocr-main/app/.cxx/Debug/4n23581f/arm64-v8a/CMakeFiles/CMakeTmp

Run Build Command(s):C:\Users\lubna\AppData\Local\Android\Sdk\cmake\3.22.1\bin\ninja.exe cmTC_ffc22 && [1/2] Building C object CMakeFiles/cmTC_ffc22.dir/src.c.o
C:/Users/lubna/AndroidStudioProjects/ncnn_paddleocr-main/app/.cxx/Debug/4n23581f/arm64-v8a/CMakeFiles/CMakeTmp/src.c:13:3: warning: implicit declaration of function 'pthread_cancel' is invalid in C99 [-Wimplicit-function-declaration]
  pthread_cancel(thread);
  ^
1 warning generated.
[2/2] Linking C executable cmTC_ffc22
FAILED: cmTC_ffc22 
cmd.exe /C "cd . && C:\Users\lubna\AppData\Local\Android\Sdk\ndk\25.1.8937393\toolchains\llvm\prebuilt\windows-x86_64\bin\clang.exe --target=aarch64-none-linux-android24 --sysroot=C:/Users/lubna/AppData/Local/Android/Sdk/ndk/25.1.8937393/toolchains/llvm/prebuilt/windows-x86_64/sysroot -g -DANDROID -fdata-sections -ffunction-sections -funwind-tables -fstack-protector-strong -no-canonical-prefixes -D_FORTIFY_SOURCE=2 -Wformat -Werror=format-security -static-libstdc++ -Wl,--build-id=sha1 -Wl,--no-rosegment -Wl,--fatal-warnings -Wl,--gc-sections -Wl,--no-undefined -Qunused-arguments -Wl,--gc-sections CMakeFiles/cmTC_ffc22.dir/src.c.o -o cmTC_ffc22  -latomic -lm && cd ."
ld: error: undefined symbol: pthread_cancel
>>> referenced by src.c:13
>>>               CMakeFiles/cmTC_ffc22.dir/src.c.o:(main)
clang: error: linker command failed with exit code 1 (use -v to see invocation)
ninja: build stopped: subcommand failed.


Source file was:
#include <pthread.h>

static void* test_func(void* data)
{
  return data;
}

int main(void)
{
  pthread_t thread;
  pthread_create(&thread, NULL, test_func, NULL);
  pthread_detach(thread);
  pthread_cancel(thread);
  pthread_join(thread, NULL);
  pthread_atfork(NULL, NULL, NULL);
  pthread_exit(NULL);

  return 0;
}

