Performing C SOURCE FILE Test CMAKE_HAVE_LIBC_PTHREAD failed with the following output:
Change Dir: C:/Users/lubna/AndroidStudioProjects/ncnn_paddleocr-main/app/.cxx/Debug/1z1s3j72/arm64-v8a/CMakeFiles/CMakeTmp

Run Build Command(s):C:\Users\lubna\AppData\Local\Android\Sdk\cmake\3.22.1\bin\ninja.exe cmTC_a3392 && [1/2] Building C object CMakeFiles/cmTC_a3392.dir/src.c.o
C:/Users/lubna/AndroidStudioProjects/ncnn_paddleocr-main/app/.cxx/Debug/1z1s3j72/arm64-v8a/CMakeFiles/CMakeTmp/src.c:13:3: warning: implicit declaration of function 'pthread_cancel' is invalid in C99 [-Wimplicit-function-declaration]
  pthread_cancel(thread);
  ^
1 warning generated.
[2/2] Linking C executable cmTC_a3392
FAILED: cmTC_a3392 
cmd.exe /C "cd . && C:\Users\lubna\AppData\Local\Android\Sdk\ndk\19.2.5345600\toolchains\llvm\prebuilt\windows-x86_64\bin\clang.exe --target=aarch64-none-linux-android24 --gcc-toolchain=C:/Users/lubna/AppData/Local/Android/Sdk/ndk/19.2.5345600/toolchains/llvm/prebuilt/windows-x86_64 --sysroot=C:/Users/lubna/AppData/Local/Android/Sdk/ndk/19.2.5345600/toolchains/llvm/prebuilt/windows-x86_64/sysroot -g -DANDROID -fdata-sections -ffunction-sections -funwind-tables -fstack-protector-strong -no-canonical-prefixes -fno-addrsig -Wa,--noexecstack -Wformat -Werror=format-security -Wl,--exclude-libs,libgcc.a -Wl,--exclude-libs,libatomic.a -static-libstdc++ -Wl,--build-id -Wl,--warn-shared-textrel -Wl,--fatal-warnings -Wl,--no-undefined -Qunused-arguments -Wl,-z,noexecstack -Wl,-z,relro -Wl,-z,now -Wl,--gc-sections CMakeFiles/cmTC_a3392.dir/src.c.o -o cmTC_a3392  -latomic -lm && cd ."
CMakeFiles/cmTC_a3392.dir/src.c.o: In function `main':
C:/Users/lubna/AndroidStudioProjects/ncnn_paddleocr-main/app/.cxx/Debug/1z1s3j72/arm64-v8a/CMakeFiles/CMakeTmp/src.c:9: undefined reference to `pthread_cancel'
C:/Users/lubna/AndroidStudioProjects/ncnn_paddleocr-main/app/.cxx/Debug/1z1s3j72/arm64-v8a/CMakeFiles/CMakeTmp/src.c:9: undefined reference to `pthread_cancel'
clang.exe: error: linker command failed with exit code 1 (use -v to see invocation)
ninja: build stopped: subcommand failed.


Source file was:
#include <pthread.h>

static void* test_func(void* data)
{
  return data;
}

int main(void)
{
  pthread_t thread;
  pthread_create(&thread, NULL, test_func, NULL);
  pthread_detach(thread);
  pthread_cancel(thread);
  pthread_join(thread, NULL);
  pthread_atfork(NULL, NULL, NULL);
  pthread_exit(NULL);

  return 0;
}

